#
# There is insufficient memory for the Java Runtime Environment to continue.
# Native memory allocation (malloc) failed to allocate 1048576 bytes. Error detail: AllocateHeap
# Possible reasons:
#   The system is out of physical RAM or swap space
#   This process is running with CompressedOops enabled, and the Java Heap may be blocking the growth of the native heap
# Possible solutions:
#   Reduce memory load on the system
#   Increase physical memory or swap space
#   Check if swap backing store is full
#   Decrease Java heap size (-Xmx/-Xms)
#   Decrease number of Java threads
#   Decrease Java thread stack sizes (-Xss)
#   Set larger code cache with -XX:ReservedCodeCacheSize=
#   JVM is running with Unscaled Compressed Oops mode in which the Java heap is
#     placed in the first 4GB address space. The Java Heap base address is the
#     maximum limit for the native heap growth. Please use -XX:HeapBaseMinAddress
#     to set the Java Heap base and to place the Java Heap above 4GB virtual address.
# This output file may be truncated or incomplete.
#
#  Out of Memory Error (allocation.cpp:44), pid=20328, tid=16524
#
# JRE version: OpenJDK Runtime Environment Temurin-21.0.8+9 (21.0.8+9) (build 21.0.8+9-LTS)
# Java VM: OpenJDK 64-Bit Server VM Temurin-21.0.8+9 (21.0.8+9-LTS, mixed mode, sharing, tiered, compressed oops, compressed class ptrs, parallel gc, windows-amd64)
# No core dump will be written. Minidumps are not enabled by default on client versions of Windows
#

---------------  S U M M A R Y ------------

Command Line: --add-modules=ALL-SYSTEM --add-opens=java.base/java.util=ALL-UNNAMED --add-opens=java.base/java.lang=ALL-UNNAMED --add-opens=java.base/sun.nio.fs=ALL-UNNAMED -Declipse.application=org.eclipse.jdt.ls.core.id1 -Dosgi.bundles.defaultStartLevel=4 -Declipse.product=org.eclipse.jdt.ls.core.product -Djava.import.generatesMetadataFilesAtProjectRoot=false -DDetectVMInstallationsJob.disabled=true -Dfile.encoding=utf8 -XX:+UseParallelGC -XX:GCTimeRatio=4 -XX:AdaptiveSizePolicyWeight=90 -Dsun.zip.disableMemoryMapping=true -Xmx2G -Xms100m -Xlog:disable -javaagent:c:\Users\Advice\.vscode\extensions\redhat.java-1.45.0-win32-x64\lombok\lombok-1.18.39-4050.jar -XX:+HeapDumpOnOutOfMemoryError -XX:HeapDumpPath=c:\Users\Advice\AppData\Roaming\Code\User\workspaceStorage\6a791ee96eb5a9e81bdbff2a84e74791\redhat.java -Daether.dependencyCollector.impl=bf c:\Users\Advice\.vscode\extensions\redhat.java-1.45.0-win32-x64\server\plugins\org.eclipse.equinox.launcher_1.7.0.v20250519-0528.jar -configuration c:\Users\Advice\AppData\Roaming\Code\User\globalStorage\redhat.java\1.45.0\config_win -data c:\Users\Advice\AppData\Roaming\Code\User\workspaceStorage\6a791ee96eb5a9e81bdbff2a84e74791\redhat.java\jdt_ws --pipe=\\.\pipe\lsp-e0f2939fdba1c0a1bd82ee7ab4615b8d-sock

Host: AMD Ryzen 7 5700U with Radeon Graphics         , 16 cores, 7G,  Windows 11 , 64 bit Build 26100 (10.0.26100.5074)
Time: Sat Sep 20 18:42:06 2025 SE Asia Standard Time elapsed time: 9010.979543 seconds (0d 2h 30m 10s)

---------------  T H R E A D  ---------------

Current thread (0x000001df0214a8d0):  JavaThread "Attach Listener" daemon [_thread_in_vm, id=16524, stack(0x000000af82d00000,0x000000af82e00000) (1024K)]

Stack: [0x000000af82d00000,0x000000af82e00000]
Native frames: (J=compiled Java code, j=interpreted, Vv=VM code, C=native code)
V  [jvm.dll+0x6d2449]
V  [jvm.dll+0x8ae341]
V  [jvm.dll+0x8b08be]
V  [jvm.dll+0x8b0fa3]
V  [jvm.dll+0x280c96]
V  [jvm.dll+0xc0347]
V  [jvm.dll+0x6d2cf9]
V  [jvm.dll+0x131116]
V  [jvm.dll+0x3f2d16]
V  [jvm.dll+0x857e6b]
V  [jvm.dll+0x6d0b0d]
C  [ucrtbase.dll+0x37b0]
C  [KERNEL32.DLL+0x2e8d7]
C  [ntdll.dll+0x8d9c]


---------------  P R O C E S S  ---------------

Threads class SMR info:
_java_thread_list=0x000001df63c68e80, length=42, elements={
0x000001df0219a970, 0x000001df02146df0, 0x000001df022472b0, 0x000001df02149c80,
0x000001df0214a8d0, 0x000001df0214cb20, 0x000001df0224ee70, 0x000001df02258090,
0x000001df0225d010, 0x000001df5b058d80, 0x000001df5b2d6350, 0x000001df61a5f720,
0x000001df5b23cb70, 0x000001df616afee0, 0x000001df61450a60, 0x000001df61cc98b0,
0x000001df61320870, 0x000001df611faa80, 0x000001df611fb7a0, 0x000001df611f96d0,
0x000001df62bb2ab0, 0x000001df62bb5f30, 0x000001df62bb44f0, 0x000001df62bb65c0,
0x000001df62bb37d0, 0x000001df62bb6c50, 0x000001df62bb72e0, 0x000001df62bb58a0,
0x000001df62bb4b80, 0x000001df62bb5210, 0x000001df62bb3e60, 0x000001df62bb7970,
0x000001df62bba0d0, 0x000001df62bb93b0, 0x000001df62bb8000, 0x000001df62bb8690,
0x000001df62bb9a40, 0x000001df62bb8d20, 0x000001df637e6690, 0x000001df637e45c0,
0x000001df6479a150, 0x000001df64798710
}

Java Threads: ( => current thread )
  0x000001df0219a970 JavaThread "main"                              [_thread_blocked, id=13964, stack(0x000000af82600000,0x000000af82700000) (1024K)]
  0x000001df02146df0 JavaThread "Reference Handler"          daemon [_thread_blocked, id=18200, stack(0x000000af82a00000,0x000000af82b00000) (1024K)]
  0x000001df022472b0 JavaThread "Finalizer"                  daemon [_thread_blocked, id=18596, stack(0x000000af82b00000,0x000000af82c00000) (1024K)]
  0x000001df02149c80 JavaThread "Signal Dispatcher"          daemon [_thread_blocked, id=10028, stack(0x000000af82c00000,0x000000af82d00000) (1024K)]
=>0x000001df0214a8d0 JavaThread "Attach Listener"            daemon [_thread_in_vm, id=16524, stack(0x000000af82d00000,0x000000af82e00000) (1024K)]
  0x000001df0214cb20 JavaThread "Service Thread"             daemon [_thread_blocked, id=16140, stack(0x000000af82e00000,0x000000af82f00000) (1024K)]
  0x000001df0224ee70 JavaThread "Monitor Deflation Thread"   daemon [_thread_blocked, id=1104, stack(0x000000af82f00000,0x000000af83000000) (1024K)]
  0x000001df02258090 JavaThread "C2 CompilerThread0"         daemon [_thread_blocked, id=13768, stack(0x000000af83000000,0x000000af83100000) (1024K)]
  0x000001df0225d010 JavaThread "C1 CompilerThread0"         daemon [_thread_blocked, id=2912, stack(0x000000af83100000,0x000000af83200000) (1024K)]
  0x000001df5b058d80 JavaThread "Common-Cleaner"             daemon [_thread_blocked, id=17708, stack(0x000000af83200000,0x000000af83300000) (1024K)]
  0x000001df5b2d6350 JavaThread "Notification Thread"        daemon [_thread_blocked, id=22624, stack(0x000000af83600000,0x000000af83700000) (1024K)]
  0x000001df61a5f720 JavaThread "Active Thread: Equinox Container: e474625b-512a-4d92-82c0-4675abb82b6f"        [_thread_blocked, id=5692, stack(0x000000af83f00000,0x000000af84000000) (1024K)]
  0x000001df5b23cb70 JavaThread "Refresh Thread: Equinox Container: e474625b-512a-4d92-82c0-4675abb82b6f" daemon [_thread_blocked, id=11196, stack(0x000000af83300000,0x000000af83400000) (1024K)]
  0x000001df616afee0 JavaThread "Framework Event Dispatcher: Equinox Container: e474625b-512a-4d92-82c0-4675abb82b6f" daemon [_thread_blocked, id=13940, stack(0x000000af83400000,0x000000af83500000) (1024K)]
  0x000001df61450a60 JavaThread "Start Level: Equinox Container: e474625b-512a-4d92-82c0-4675abb82b6f" daemon [_thread_blocked, id=6480, stack(0x000000af83500000,0x000000af83600000) (1024K)]
  0x000001df61cc98b0 JavaThread "Bundle File Closer"         daemon [_thread_blocked, id=18000, stack(0x000000af84300000,0x000000af84400000) (1024K)]
  0x000001df61320870 JavaThread "SCR Component Actor"        daemon [_thread_blocked, id=4216, stack(0x000000af83700000,0x000000af83800000) (1024K)]
  0x000001df611faa80 JavaThread "Worker-JM"                         [_thread_blocked, id=15836, stack(0x000000af84a00000,0x000000af84b00000) (1024K)]
  0x000001df611fb7a0 JavaThread "JNA Cleaner"                daemon [_thread_blocked, id=22452, stack(0x000000af84c00000,0x000000af84d00000) (1024K)]
  0x000001df611f96d0 JavaThread "Java indexing"              daemon [_thread_blocked, id=12756, stack(0x000000af85000000,0x000000af85100000) (1024K)]
  0x000001df62bb2ab0 JavaThread "Thread-2"                   daemon [_thread_in_native, id=13948, stack(0x000000af85500000,0x000000af85600000) (1024K)]
  0x000001df62bb5f30 JavaThread "Thread-3"                   daemon [_thread_in_native, id=4040, stack(0x000000af85600000,0x000000af85700000) (1024K)]
  0x000001df62bb44f0 JavaThread "Thread-4"                   daemon [_thread_in_native, id=10448, stack(0x000000af85700000,0x000000af85800000) (1024K)]
  0x000001df62bb65c0 JavaThread "Thread-5"                   daemon [_thread_in_native, id=6360, stack(0x000000af85800000,0x000000af85900000) (1024K)]
  0x000001df62bb37d0 JavaThread "Thread-6"                   daemon [_thread_in_native, id=5148, stack(0x000000af85900000,0x000000af85a00000) (1024K)]
  0x000001df62bb6c50 JavaThread "Thread-7"                   daemon [_thread_in_native, id=24448, stack(0x000000af85a00000,0x000000af85b00000) (1024K)]
  0x000001df62bb72e0 JavaThread "Thread-8"                   daemon [_thread_in_native, id=19128, stack(0x000000af85b00000,0x000000af85c00000) (1024K)]
  0x000001df62bb58a0 JavaThread "Thread-9"                   daemon [_thread_in_native, id=12088, stack(0x000000af85c00000,0x000000af85d00000) (1024K)]
  0x000001df62bb4b80 JavaThread "Thread-10"                  daemon [_thread_in_native, id=12568, stack(0x000000af85d00000,0x000000af85e00000) (1024K)]
  0x000001df62bb5210 JavaThread "Thread-11"                  daemon [_thread_in_native, id=10260, stack(0x000000af85e00000,0x000000af85f00000) (1024K)]
  0x000001df62bb3e60 JavaThread "Thread-12"                  daemon [_thread_in_native, id=20784, stack(0x000000af85f00000,0x000000af86000000) (1024K)]
  0x000001df62bb7970 JavaThread "Thread-13"                  daemon [_thread_in_native, id=9944, stack(0x000000af86000000,0x000000af86100000) (1024K)]
  0x000001df62bba0d0 JavaThread "Thread-14"                  daemon [_thread_in_native, id=4952, stack(0x000000af86100000,0x000000af86200000) (1024K)]
  0x000001df62bb93b0 JavaThread "Thread-15"                  daemon [_thread_in_native, id=14508, stack(0x000000af86200000,0x000000af86300000) (1024K)]
  0x000001df62bb8000 JavaThread "Thread-16"                  daemon [_thread_in_native, id=13916, stack(0x000000af86300000,0x000000af86400000) (1024K)]
  0x000001df62bb8690 JavaThread "Thread-17"                  daemon [_thread_in_native, id=16924, stack(0x000000af86400000,0x000000af86500000) (1024K)]
  0x000001df62bb9a40 JavaThread "Thread-18"                  daemon [_thread_in_native, id=15528, stack(0x000000af86500000,0x000000af86600000) (1024K)]
  0x000001df62bb8d20 JavaThread "pool-2-thread-1"                   [_thread_blocked, id=7924, stack(0x000000af86600000,0x000000af86700000) (1024K)]
  0x000001df637e6690 JavaThread "WorkspaceEventsHandler"            [_thread_blocked, id=4888, stack(0x000000af86700000,0x000000af86800000) (1024K)]
  0x000001df637e45c0 JavaThread "pool-1-thread-1"                   [_thread_blocked, id=6656, stack(0x000000af86800000,0x000000af86900000) (1024K)]
  0x000001df6479a150 JavaThread "Worker-7"                          [_thread_blocked, id=23928, stack(0x000000af82300000,0x000000af82400000) (1024K)]
  0x000001df64798710 JavaThread "Worker-8"                          [_thread_blocked, id=8112, stack(0x000000af82400000,0x000000af82500000) (1024K)]
Total: 42

Other Threads:
  0x000001df02131ff0 VMThread "VM Thread"                           [id=16444, stack(0x000000af82900000,0x000000af82a00000) (1024K)]
  0x000001df0202ca00 WatcherThread "VM Periodic Task Thread"        [id=21120, stack(0x000000af82800000,0x000000af82900000) (1024K)]
  0x000001df021ba600 WorkerThread "GC Thread#0"                     [id=19976, stack(0x000000af82700000,0x000000af82800000) (1024K)]
  0x000001df612855a0 WorkerThread "GC Thread#1"                     [id=3340, stack(0x000000af83800000,0x000000af83900000) (1024K)]
  0x000001df613a6390 WorkerThread "GC Thread#2"                     [id=10524, stack(0x000000af83900000,0x000000af83a00000) (1024K)]
  0x000001df6145ef70 WorkerThread "GC Thread#3"                     [id=12052, stack(0x000000af83a00000,0x000000af83b00000) (1024K)]
  0x000001df61551b00 WorkerThread "GC Thread#4"                     [id=8836, stack(0x000000af83b00000,0x000000af83c00000) (1024K)]
  0x000001df615526b0 WorkerThread "GC Thread#5"                     [id=18224, stack(0x000000af83c00000,0x000000af83d00000) (1024K)]
  0x000001df61552a50 WorkerThread "GC Thread#6"                     [id=13456, stack(0x000000af83d00000,0x000000af83e00000) (1024K)]
  0x000001df61922b30 WorkerThread "GC Thread#7"                     [id=14420, stack(0x000000af84000000,0x000000af84100000) (1024K)]
  0x000001df615606d0 WorkerThread "GC Thread#8"                     [id=12228, stack(0x000000af83e00000,0x000000af83f00000) (1024K)]
  0x000001df6155fbf0 WorkerThread "GC Thread#9"                     [id=7144, stack(0x000000af84100000,0x000000af84200000) (1024K)]
  0x000001df6155ff90 WorkerThread "GC Thread#10"                    [id=14708, stack(0x000000af84200000,0x000000af84300000) (1024K)]
  0x000001df61560330 WorkerThread "GC Thread#11"                    [id=22116, stack(0x000000af84500000,0x000000af84600000) (1024K)]
  0x000001df6155f4b0 WorkerThread "GC Thread#12"                    [id=24216, stack(0x000000af84b00000,0x000000af84c00000) (1024K)]
Total: 15

Threads with active compile tasks:
Total: 0

VM state: not at safepoint (normal execution)

VM Mutex/Monitor currently owned by a thread: None

Heap address: 0x0000000080000000, size: 2048 MB, Compressed Oops mode: 32-bit

CDS archive(s) mapped at: [0x000001df19000000-0x000001df19ba0000-0x000001df19ba0000), size 12189696, SharedBaseAddress: 0x000001df19000000, ArchiveRelocationMode: 1.
Compressed class space mapped at: 0x000001df1a000000-0x000001df5a000000, reserved size: 1073741824
Narrow klass base: 0x000001df19000000, Narrow klass shift: 0, Narrow klass range: 0x100000000

GC Precious Log:
 CardTable entry size: 512
 CPUs: 16 total, 16 available
 Memory: 7514M
 Large Page Support: Disabled
 NUMA Support: Disabled
 Compressed Oops: Enabled (32-bit)
 Alignments: Space 512K, Generation 512K, Heap 2M
 Heap Min Capacity: 100M
 Heap Initial Capacity: 100M
 Heap Max Capacity: 2G
 Pre-touch: Disabled
 Parallel Workers: 13

Heap:
 PSYoungGen      total 2560K, used 744K [0x00000000d5580000, 0x00000000d5900000, 0x0000000100000000)
  eden space 2048K, 25% used [0x00000000d5580000,0x00000000d56023b0,0x00000000d5780000)
  from space 512K, 43% used [0x00000000d5800000,0x00000000d5838000,0x00000000d5880000)
  to   space 512K, 0% used [0x00000000d5880000,0x00000000d5880000,0x00000000d5900000)
 ParOldGen       total 520704K, used 520373K [0x0000000080000000, 0x000000009fc80000, 0x00000000d5580000)
  object space 520704K, 99% used [0x0000000080000000,0x000000009fc2d420,0x000000009fc80000)
 Metaspace       used 65576K, committed 67136K, reserved 1114112K
  class space    used 6668K, committed 7360K, reserved 1048576K

Card table byte_map: [0x000001df01b40000,0x000001df01f50000] _byte_map_base: 0x000001df01740000

Marking Bits: (ParMarkBitMap*) 0x00007ffd40cea340
 Begin Bits: [0x000001df14640000, 0x000001df16640000)
 End Bits:   [0x000001df16640000, 0x000001df18640000)

Polling page: 0x000001df00220000

Metaspace:

Usage:
  Non-class:     57.53 MB used.
      Class:      6.51 MB used.
       Both:     64.04 MB used.

Virtual space:
  Non-class space:       64.00 MB reserved,      58.38 MB ( 91%) committed,  1 nodes.
      Class space:        1.00 GB reserved,       7.19 MB ( <1%) committed,  1 nodes.
             Both:        1.06 GB reserved,      65.56 MB (  6%) committed. 

Chunk freelists:
   Non-Class:  5.55 MB
       Class:  8.76 MB
        Both:  14.30 MB

MaxMetaspaceSize: unlimited
CompressedClassSpaceSize: 1.00 GB
Initial GC threshold: 21.00 MB
Current GC threshold: 106.19 MB
CDS: on
 - commit_granule_bytes: 65536.
 - commit_granule_words: 8192.
 - virtual_space_node_default_size: 8388608.
 - enlarge_chunks_in_place: 1.
 - use_allocation_guard: 0.


Internal statistics:

num_allocs_failed_limit: 9.
num_arena_births: 1310.
num_arena_deaths: 22.
num_vsnodes_births: 2.
num_vsnodes_deaths: 0.
num_space_committed: 1049.
num_space_uncommitted: 0.
num_chunks_returned_to_freelist: 35.
num_chunks_taken_from_freelist: 4602.
num_chunk_merges: 14.
num_chunk_splits: 2713.
num_chunks_enlarged: 1396.
num_inconsistent_stats: 0.

CodeHeap 'non-profiled nmethods': size=119168Kb used=11646Kb max_used=11646Kb free=107521Kb
 bounds [0x000001df0cf30000, 0x000001df0da90000, 0x000001df14390000]
CodeHeap 'profiled nmethods': size=119104Kb used=31064Kb max_used=31064Kb free=88039Kb
 bounds [0x000001df05390000, 0x000001df071f0000, 0x000001df0c7e0000]
CodeHeap 'non-nmethods': size=7488Kb used=1423Kb max_used=3198Kb free=6064Kb
 bounds [0x000001df0c7e0000, 0x000001df0cb20000, 0x000001df0cf30000]
CodeCache: size=245760Kb, used=44133Kb, max_used=45908Kb, free=201624Kb
 total_blobs=14128, nmethods=13399, adapters=633, full_count=0
Compilation: enabled, stopped_count=0, restarted_count=0

Compilation events (20 events):
Event: 8715.264 Thread 0x000001df02258090 nmethod 15625 0x000001df0da85510 code [0x000001df0da856c0, 0x000001df0da85b18]
Event: 8715.293 Thread 0x000001df0225d010 nmethod 15623 0x000001df071e1990 code [0x000001df071e1de0, 0x000001df071e3a48]
Event: 8716.982 Thread 0x000001df02258090 15626   !   4       org.eclipse.core.filesystem.provider.FileStore::fetchInfo (27 bytes)
Event: 8717.323 Thread 0x000001df02258090 nmethod 15626 0x000001df0da85d10 code [0x000001df0da861a0, 0x000001df0da88a80]
Event: 8717.326 Thread 0x000001df02258090 15627       4       org.eclipse.core.internal.filesystem.local.LocalFile::fetchInfo (45 bytes)
Event: 8717.449 Thread 0x000001df02258090 nmethod 15627 0x000001df0da8ab10 code [0x000001df0da8af80, 0x000001df0da8d7c8]
Event: 8737.899 Thread 0x000001df0225d010 15628       3       org.eclipse.lsp4j.jsonrpc.util.LimitedInputStream::read (56 bytes)
Event: 8737.903 Thread 0x000001df0225d010 nmethod 15628 0x000001df071e4710 code [0x000001df071e48e0, 0x000001df071e4c30]
Event: 8738.576 Thread 0x000001df0225d010 15629       3       java.util.logging.Logger::getLogger (8 bytes)
Event: 8738.577 Thread 0x000001df0225d010 nmethod 15629 0x000001df071e4d90 code [0x000001df071e4f60, 0x000001df071e5120]
Event: 8738.577 Thread 0x000001df0225d010 15630       3       java.util.logging.Logger::getLogger (7 bytes)
Event: 8738.577 Thread 0x000001df0225d010 nmethod 15630 0x000001df071e5210 code [0x000001df071e53c0, 0x000001df071e54e8]
Event: 8738.577 Thread 0x000001df0225d010 15631       3       java.util.logging.Logger::demandLogger (36 bytes)
Event: 8738.580 Thread 0x000001df0225d010 nmethod 15631 0x000001df071e5590 code [0x000001df071e5820, 0x000001df071e62d0]
Event: 8757.945 Thread 0x000001df0225d010 15632       1       java.io.InputStream::available (2 bytes)
Event: 8757.946 Thread 0x000001df0225d010 nmethod 15632 0x000001df0da8f710 code [0x000001df0da8f8a0, 0x000001df0da8f968]
Event: 8794.313 Thread 0x000001df0225d010 15633       3       org.eclipse.core.internal.utils.FileUtil::realURI (42 bytes)
Event: 8794.316 Thread 0x000001df0225d010 nmethod 15633 0x000001df071e6710 code [0x000001df071e6900, 0x000001df071e6c18]
Event: 9008.673 Thread 0x000001df0225d010 15634       3       java.lang.ClassLoader::getBuiltinPlatformClassLoader (4 bytes)
Event: 9008.687 Thread 0x000001df0225d010 nmethod 15634 0x000001df071e6d90 code [0x000001df071e6f40, 0x000001df071e7090]

GC Heap History (20 events):
Event: 3879.999 GC heap before
{Heap before GC invocations=1859 (full 4):
 PSYoungGen      total 2560K, used 2400K [0x00000000d5580000, 0x00000000d5980000, 0x0000000100000000)
  eden space 2048K, 100% used [0x00000000d5580000,0x00000000d5780000,0x00000000d5780000)
  from space 512K, 68% used [0x00000000d5780000,0x00000000d57d8000,0x00000000d5800000)
  to   space 512K, 0% used [0x00000000d5900000,0x00000000d5900000,0x00000000d5980000)
 ParOldGen       total 519680K, used 519645K [0x0000000080000000, 0x000000009fb80000, 0x00000000d5580000)
  object space 519680K, 99% used [0x0000000080000000,0x000000009fb77590,0x000000009fb80000)
 Metaspace       used 65507K, committed 67072K, reserved 1114112K
  class space    used 6668K, committed 7360K, reserved 1048576K
}
Event: 3880.001 GC heap after
{Heap after GC invocations=1859 (full 4):
 PSYoungGen      total 2560K, used 491K [0x00000000d5580000, 0x00000000d5980000, 0x0000000100000000)
  eden space 2048K, 0% used [0x00000000d5580000,0x00000000d5580000,0x00000000d5780000)
  from space 512K, 96% used [0x00000000d5900000,0x00000000d597af20,0x00000000d5980000)
  to   space 1024K, 0% used [0x00000000d5780000,0x00000000d5780000,0x00000000d5880000)
 ParOldGen       total 520192K, used 519893K [0x0000000080000000, 0x000000009fc00000, 0x00000000d5580000)
  object space 520192K, 99% used [0x0000000080000000,0x000000009fbb55d0,0x000000009fc00000)
 Metaspace       used 65507K, committed 67072K, reserved 1114112K
  class space    used 6668K, committed 7360K, reserved 1048576K
}
Event: 5503.292 GC heap before
{Heap before GC invocations=1860 (full 4):
 PSYoungGen      total 2560K, used 2539K [0x00000000d5580000, 0x00000000d5980000, 0x0000000100000000)
  eden space 2048K, 100% used [0x00000000d5580000,0x00000000d5780000,0x00000000d5780000)
  from space 512K, 96% used [0x00000000d5900000,0x00000000d597af20,0x00000000d5980000)
  to   space 1024K, 0% used [0x00000000d5780000,0x00000000d5780000,0x00000000d5880000)
 ParOldGen       total 520192K, used 519893K [0x0000000080000000, 0x000000009fc00000, 0x00000000d5580000)
  object space 520192K, 99% used [0x0000000080000000,0x000000009fbb55d0,0x000000009fc00000)
 Metaspace       used 65521K, committed 67072K, reserved 1114112K
  class space    used 6668K, committed 7360K, reserved 1048576K
}
Event: 5503.522 GC heap after
{Heap after GC invocations=1860 (full 4):
 PSYoungGen      total 3072K, used 384K [0x00000000d5580000, 0x00000000d5980000, 0x0000000100000000)
  eden space 2048K, 0% used [0x00000000d5580000,0x00000000d5580000,0x00000000d5780000)
  from space 1024K, 37% used [0x00000000d5780000,0x00000000d57e0000,0x00000000d5880000)
  to   space 1024K, 0% used [0x00000000d5880000,0x00000000d5880000,0x00000000d5980000)
 ParOldGen       total 520704K, used 520232K [0x0000000080000000, 0x000000009fc80000, 0x00000000d5580000)
  object space 520704K, 99% used [0x0000000080000000,0x000000009fc0a218,0x000000009fc80000)
 Metaspace       used 65521K, committed 67072K, reserved 1114112K
  class space    used 6668K, committed 7360K, reserved 1048576K
}
Event: 5551.366 GC heap before
{Heap before GC invocations=1861 (full 4):
 PSYoungGen      total 3072K, used 2432K [0x00000000d5580000, 0x00000000d5980000, 0x0000000100000000)
  eden space 2048K, 100% used [0x00000000d5580000,0x00000000d5780000,0x00000000d5780000)
  from space 1024K, 37% used [0x00000000d5780000,0x00000000d57e0000,0x00000000d5880000)
  to   space 1024K, 0% used [0x00000000d5880000,0x00000000d5880000,0x00000000d5980000)
 ParOldGen       total 520704K, used 520232K [0x0000000080000000, 0x000000009fc80000, 0x00000000d5580000)
  object space 520704K, 99% used [0x0000000080000000,0x000000009fc0a218,0x000000009fc80000)
 Metaspace       used 65527K, committed 67072K, reserved 1114112K
  class space    used 6668K, committed 7360K, reserved 1048576K
}
Event: 5551.371 GC heap after
{Heap after GC invocations=1861 (full 4):
 PSYoungGen      total 2560K, used 416K [0x00000000d5580000, 0x00000000d5900000, 0x0000000100000000)
  eden space 2048K, 0% used [0x00000000d5580000,0x00000000d5580000,0x00000000d5780000)
  from space 512K, 81% used [0x00000000d5880000,0x00000000d58e8000,0x00000000d5900000)
  to   space 512K, 0% used [0x00000000d5800000,0x00000000d5800000,0x00000000d5880000)
 ParOldGen       total 520704K, used 520317K [0x0000000080000000, 0x000000009fc80000, 0x00000000d5580000)
  object space 520704K, 99% used [0x0000000080000000,0x000000009fc1f420,0x000000009fc80000)
 Metaspace       used 65527K, committed 67072K, reserved 1114112K
  class space    used 6668K, committed 7360K, reserved 1048576K
}
Event: 5625.329 GC heap before
{Heap before GC invocations=1862 (full 4):
 PSYoungGen      total 2560K, used 2464K [0x00000000d5580000, 0x00000000d5900000, 0x0000000100000000)
  eden space 2048K, 100% used [0x00000000d5580000,0x00000000d5780000,0x00000000d5780000)
  from space 512K, 81% used [0x00000000d5880000,0x00000000d58e8000,0x00000000d5900000)
  to   space 512K, 0% used [0x00000000d5800000,0x00000000d5800000,0x00000000d5880000)
 ParOldGen       total 520704K, used 520317K [0x0000000080000000, 0x000000009fc80000, 0x00000000d5580000)
  object space 520704K, 99% used [0x0000000080000000,0x000000009fc1f420,0x000000009fc80000)
 Metaspace       used 65529K, committed 67072K, reserved 1114112K
  class space    used 6668K, committed 7360K, reserved 1048576K
}
Event: 5625.335 GC heap after
{Heap after GC invocations=1862 (full 4):
 PSYoungGen      total 2560K, used 416K [0x00000000d5580000, 0x00000000d5900000, 0x0000000100000000)
  eden space 2048K, 0% used [0x00000000d5580000,0x00000000d5580000,0x00000000d5780000)
  from space 512K, 81% used [0x00000000d5800000,0x00000000d5868000,0x00000000d5880000)
  to   space 512K, 0% used [0x00000000d5880000,0x00000000d5880000,0x00000000d5900000)
 ParOldGen       total 520704K, used 520325K [0x0000000080000000, 0x000000009fc80000, 0x00000000d5580000)
  object space 520704K, 99% used [0x0000000080000000,0x000000009fc21420,0x000000009fc80000)
 Metaspace       used 65529K, committed 67072K, reserved 1114112K
  class space    used 6668K, committed 7360K, reserved 1048576K
}
Event: 5699.726 GC heap before
{Heap before GC invocations=1863 (full 4):
 PSYoungGen      total 2560K, used 2464K [0x00000000d5580000, 0x00000000d5900000, 0x0000000100000000)
  eden space 2048K, 100% used [0x00000000d5580000,0x00000000d5780000,0x00000000d5780000)
  from space 512K, 81% used [0x00000000d5800000,0x00000000d5868000,0x00000000d5880000)
  to   space 512K, 0% used [0x00000000d5880000,0x00000000d5880000,0x00000000d5900000)
 ParOldGen       total 520704K, used 520325K [0x0000000080000000, 0x000000009fc80000, 0x00000000d5580000)
  object space 520704K, 99% used [0x0000000080000000,0x000000009fc21420,0x000000009fc80000)
 Metaspace       used 65529K, committed 67072K, reserved 1114112K
  class space    used 6668K, committed 7360K, reserved 1048576K
}
Event: 5699.739 GC heap after
{Heap after GC invocations=1863 (full 4):
 PSYoungGen      total 2560K, used 320K [0x00000000d5580000, 0x00000000d5900000, 0x0000000100000000)
  eden space 2048K, 0% used [0x00000000d5580000,0x00000000d5580000,0x00000000d5780000)
  from space 512K, 62% used [0x00000000d5880000,0x00000000d58d0000,0x00000000d5900000)
  to   space 512K, 0% used [0x00000000d5800000,0x00000000d5800000,0x00000000d5880000)
 ParOldGen       total 520704K, used 520325K [0x0000000080000000, 0x000000009fc80000, 0x00000000d5580000)
  object space 520704K, 99% used [0x0000000080000000,0x000000009fc21420,0x000000009fc80000)
 Metaspace       used 65529K, committed 67072K, reserved 1114112K
  class space    used 6668K, committed 7360K, reserved 1048576K
}
Event: 5734.189 GC heap before
{Heap before GC invocations=1864 (full 4):
 PSYoungGen      total 2560K, used 2368K [0x00000000d5580000, 0x00000000d5900000, 0x0000000100000000)
  eden space 2048K, 100% used [0x00000000d5580000,0x00000000d5780000,0x00000000d5780000)
  from space 512K, 62% used [0x00000000d5880000,0x00000000d58d0000,0x00000000d5900000)
  to   space 512K, 0% used [0x00000000d5800000,0x00000000d5800000,0x00000000d5880000)
 ParOldGen       total 520704K, used 520325K [0x0000000080000000, 0x000000009fc80000, 0x00000000d5580000)
  object space 520704K, 99% used [0x0000000080000000,0x000000009fc21420,0x000000009fc80000)
 Metaspace       used 65529K, committed 67072K, reserved 1114112K
  class space    used 6668K, committed 7360K, reserved 1048576K
}
Event: 5734.192 GC heap after
{Heap after GC invocations=1864 (full 4):
 PSYoungGen      total 2560K, used 256K [0x00000000d5580000, 0x00000000d5900000, 0x0000000100000000)
  eden space 2048K, 0% used [0x00000000d5580000,0x00000000d5580000,0x00000000d5780000)
  from space 512K, 50% used [0x00000000d5800000,0x00000000d5840000,0x00000000d5880000)
  to   space 512K, 0% used [0x00000000d5880000,0x00000000d5880000,0x00000000d5900000)
 ParOldGen       total 520704K, used 520333K [0x0000000080000000, 0x000000009fc80000, 0x00000000d5580000)
  object space 520704K, 99% used [0x0000000080000000,0x000000009fc23420,0x000000009fc80000)
 Metaspace       used 65529K, committed 67072K, reserved 1114112K
  class space    used 6668K, committed 7360K, reserved 1048576K
}
Event: 8600.880 GC heap before
{Heap before GC invocations=1865 (full 4):
 PSYoungGen      total 2560K, used 2304K [0x00000000d5580000, 0x00000000d5900000, 0x0000000100000000)
  eden space 2048K, 100% used [0x00000000d5580000,0x00000000d5780000,0x00000000d5780000)
  from space 512K, 50% used [0x00000000d5800000,0x00000000d5840000,0x00000000d5880000)
  to   space 512K, 0% used [0x00000000d5880000,0x00000000d5880000,0x00000000d5900000)
 ParOldGen       total 520704K, used 520333K [0x0000000080000000, 0x000000009fc80000, 0x00000000d5580000)
  object space 520704K, 99% used [0x0000000080000000,0x000000009fc23420,0x000000009fc80000)
 Metaspace       used 65565K, committed 67136K, reserved 1114112K
  class space    used 6668K, committed 7360K, reserved 1048576K
}
Event: 8600.946 GC heap after
{Heap after GC invocations=1865 (full 4):
 PSYoungGen      total 2560K, used 320K [0x00000000d5580000, 0x00000000d5900000, 0x0000000100000000)
  eden space 2048K, 0% used [0x00000000d5580000,0x00000000d5580000,0x00000000d5780000)
  from space 512K, 62% used [0x00000000d5880000,0x00000000d58d0000,0x00000000d5900000)
  to   space 512K, 0% used [0x00000000d5800000,0x00000000d5800000,0x00000000d5880000)
 ParOldGen       total 520704K, used 520341K [0x0000000080000000, 0x000000009fc80000, 0x00000000d5580000)
  object space 520704K, 99% used [0x0000000080000000,0x000000009fc25420,0x000000009fc80000)
 Metaspace       used 65565K, committed 67136K, reserved 1114112K
  class space    used 6668K, committed 7360K, reserved 1048576K
}
Event: 8663.077 GC heap before
{Heap before GC invocations=1866 (full 4):
 PSYoungGen      total 2560K, used 2368K [0x00000000d5580000, 0x00000000d5900000, 0x0000000100000000)
  eden space 2048K, 100% used [0x00000000d5580000,0x00000000d5780000,0x00000000d5780000)
  from space 512K, 62% used [0x00000000d5880000,0x00000000d58d0000,0x00000000d5900000)
  to   space 512K, 0% used [0x00000000d5800000,0x00000000d5800000,0x00000000d5880000)
 ParOldGen       total 520704K, used 520341K [0x0000000080000000, 0x000000009fc80000, 0x00000000d5580000)
  object space 520704K, 99% used [0x0000000080000000,0x000000009fc25420,0x000000009fc80000)
 Metaspace       used 65571K, committed 67136K, reserved 1114112K
  class space    used 6668K, committed 7360K, reserved 1048576K
}
Event: 8663.081 GC heap after
{Heap after GC invocations=1866 (full 4):
 PSYoungGen      total 2560K, used 416K [0x00000000d5580000, 0x00000000d5900000, 0x0000000100000000)
  eden space 2048K, 0% used [0x00000000d5580000,0x00000000d5580000,0x00000000d5780000)
  from space 512K, 81% used [0x00000000d5800000,0x00000000d5868000,0x00000000d5880000)
  to   space 512K, 0% used [0x00000000d5880000,0x00000000d5880000,0x00000000d5900000)
 ParOldGen       total 520704K, used 520373K [0x0000000080000000, 0x000000009fc80000, 0x00000000d5580000)
  object space 520704K, 99% used [0x0000000080000000,0x000000009fc2d420,0x000000009fc80000)
 Metaspace       used 65571K, committed 67136K, reserved 1114112K
  class space    used 6668K, committed 7360K, reserved 1048576K
}
Event: 8737.906 GC heap before
{Heap before GC invocations=1867 (full 4):
 PSYoungGen      total 2560K, used 2464K [0x00000000d5580000, 0x00000000d5900000, 0x0000000100000000)
  eden space 2048K, 100% used [0x00000000d5580000,0x00000000d5780000,0x00000000d5780000)
  from space 512K, 81% used [0x00000000d5800000,0x00000000d5868000,0x00000000d5880000)
  to   space 512K, 0% used [0x00000000d5880000,0x00000000d5880000,0x00000000d5900000)
 ParOldGen       total 520704K, used 520373K [0x0000000080000000, 0x000000009fc80000, 0x00000000d5580000)
  object space 520704K, 99% used [0x0000000080000000,0x000000009fc2d420,0x000000009fc80000)
 Metaspace       used 65576K, committed 67136K, reserved 1114112K
  class space    used 6668K, committed 7360K, reserved 1048576K
}
Event: 8737.911 GC heap after
{Heap after GC invocations=1867 (full 4):
 PSYoungGen      total 2560K, used 224K [0x00000000d5580000, 0x00000000d5900000, 0x0000000100000000)
  eden space 2048K, 0% used [0x00000000d5580000,0x00000000d5580000,0x00000000d5780000)
  from space 512K, 43% used [0x00000000d5880000,0x00000000d58b8000,0x00000000d5900000)
  to   space 512K, 0% used [0x00000000d5800000,0x00000000d5800000,0x00000000d5880000)
 ParOldGen       total 520704K, used 520373K [0x0000000080000000, 0x000000009fc80000, 0x00000000d5580000)
  object space 520704K, 99% used [0x0000000080000000,0x000000009fc2d420,0x000000009fc80000)
 Metaspace       used 65576K, committed 67136K, reserved 1114112K
  class space    used 6668K, committed 7360K, reserved 1048576K
}
Event: 8814.654 GC heap before
{Heap before GC invocations=1868 (full 4):
 PSYoungGen      total 2560K, used 2272K [0x00000000d5580000, 0x00000000d5900000, 0x0000000100000000)
  eden space 2048K, 100% used [0x00000000d5580000,0x00000000d5780000,0x00000000d5780000)
  from space 512K, 43% used [0x00000000d5880000,0x00000000d58b8000,0x00000000d5900000)
  to   space 512K, 0% used [0x00000000d5800000,0x00000000d5800000,0x00000000d5880000)
 ParOldGen       total 520704K, used 520373K [0x0000000080000000, 0x000000009fc80000, 0x00000000d5580000)
  object space 520704K, 99% used [0x0000000080000000,0x000000009fc2d420,0x000000009fc80000)
 Metaspace       used 65576K, committed 67136K, reserved 1114112K
  class space    used 6668K, committed 7360K, reserved 1048576K
}
Event: 8814.657 GC heap after
{Heap after GC invocations=1868 (full 4):
 PSYoungGen      total 2560K, used 224K [0x00000000d5580000, 0x00000000d5900000, 0x0000000100000000)
  eden space 2048K, 0% used [0x00000000d5580000,0x00000000d5580000,0x00000000d5780000)
  from space 512K, 43% used [0x00000000d5800000,0x00000000d5838000,0x00000000d5880000)
  to   space 512K, 0% used [0x00000000d5880000,0x00000000d5880000,0x00000000d5900000)
 ParOldGen       total 520704K, used 520373K [0x0000000080000000, 0x000000009fc80000, 0x00000000d5580000)
  object space 520704K, 99% used [0x0000000080000000,0x000000009fc2d420,0x000000009fc80000)
 Metaspace       used 65576K, committed 67136K, reserved 1114112K
  class space    used 6668K, committed 7360K, reserved 1048576K
}

Dll operation events (10 events):
Event: 0.016 Loaded shared library c:\Users\Advice\.vscode\extensions\redhat.java-1.45.0-win32-x64\jre\21.0.8-win32-x86_64\bin\java.dll
Event: 0.061 Loaded shared library c:\Users\Advice\.vscode\extensions\redhat.java-1.45.0-win32-x64\jre\21.0.8-win32-x86_64\bin\zip.dll
Event: 0.202 Loaded shared library C:\Users\Advice\.vscode\extensions\redhat.java-1.45.0-win32-x64\jre\21.0.8-win32-x86_64\bin\instrument.dll
Event: 0.212 Loaded shared library C:\Users\Advice\.vscode\extensions\redhat.java-1.45.0-win32-x64\jre\21.0.8-win32-x86_64\bin\net.dll
Event: 0.216 Loaded shared library C:\Users\Advice\.vscode\extensions\redhat.java-1.45.0-win32-x64\jre\21.0.8-win32-x86_64\bin\nio.dll
Event: 0.223 Loaded shared library C:\Users\Advice\.vscode\extensions\redhat.java-1.45.0-win32-x64\jre\21.0.8-win32-x86_64\bin\zip.dll
Event: 0.259 Loaded shared library C:\Users\Advice\.vscode\extensions\redhat.java-1.45.0-win32-x64\jre\21.0.8-win32-x86_64\bin\jimage.dll
Event: 0.428 Loaded shared library c:\Users\Advice\.vscode\extensions\redhat.java-1.45.0-win32-x64\jre\21.0.8-win32-x86_64\bin\verify.dll
Event: 10.052 Loaded shared library C:\Users\Advice\AppData\Roaming\Code\User\globalStorage\redhat.java\1.45.0\config_win\org.eclipse.equinox.launcher\org.eclipse.equinox.launcher.win32.win32.x86_64_1.2.1400.v20250801-0854\eclipse_11916.dll
Event: 30.760 Loaded shared library C:\Users\Advice\AppData\Local\Temp\jna-1956866328\jna1338181646006798441.dll

Deoptimization events (20 events):
Event: 1413.193 Thread 0x000001df6479a150 Uncommon trap: trap_request=0xffffffc6 fr.pc=0x000001df0d518f38 relative=0x0000000000004f18
Event: 1413.194 Thread 0x000001df6479a150 Uncommon trap: reason=bimorphic_or_optimized_type_check action=maybe_recompile pc=0x000001df0d518f38 method=java.util.Properties.load0(Ljava/util/Properties$LineReader;)V @ 241 c2
Event: 1413.194 Thread 0x000001df6479a150 DEOPT PACKING pc=0x000001df0d518f38 sp=0x000000af823fec40
Event: 1413.194 Thread 0x000001df6479a150 DEOPT UNPACKING pc=0x000001df0c833aa2 sp=0x000000af823fec60 mode 2
Event: 1413.194 Thread 0x000001df6479a150 Uncommon trap: trap_request=0xffffff76 fr.pc=0x000001df0d3fd89c relative=0x000000000000087c
Event: 1413.194 Thread 0x000001df6479a150 Uncommon trap: reason=predicate action=maybe_recompile pc=0x000001df0d3fd89c method=java.util.Properties.load0(Ljava/util/Properties$LineReader;)V @ 29 c2
Event: 1413.194 Thread 0x000001df6479a150 DEOPT PACKING pc=0x000001df0d3fd89c sp=0x000000af823fecd0
Event: 1413.194 Thread 0x000001df6479a150 DEOPT UNPACKING pc=0x000001df0c833aa2 sp=0x000000af823fec78 mode 2
Event: 3879.619 Thread 0x000001df611f96d0 Uncommon trap: trap_request=0xffffff45 fr.pc=0x000001df0d832cf0 relative=0x0000000000000c90
Event: 3879.620 Thread 0x000001df611f96d0 Uncommon trap: reason=unstable_if action=reinterpret pc=0x000001df0d832cf0 method=lombok.core.configuration.FileSystemSourceCache.cacheClear()V @ 16 c2
Event: 3879.620 Thread 0x000001df611f96d0 DEOPT PACKING pc=0x000001df0d832cf0 sp=0x000000af850febf0
Event: 3879.621 Thread 0x000001df611f96d0 DEOPT UNPACKING pc=0x000001df0c833aa2 sp=0x000000af850feb30 mode 2
Event: 3880.002 Thread 0x000001df611f96d0 Uncommon trap: trap_request=0xffffff6e fr.pc=0x000001df0da3c670 relative=0x0000000000000a90
Event: 3880.002 Thread 0x000001df611f96d0 Uncommon trap: reason=loop_limit_check action=maybe_recompile pc=0x000001df0da3c670 method=org.eclipse.jdt.internal.compiler.util.SimpleSet.rehash()V @ 44 c2
Event: 3880.002 Thread 0x000001df611f96d0 DEOPT PACKING pc=0x000001df0da3c670 sp=0x000000af850fee80
Event: 3880.002 Thread 0x000001df611f96d0 DEOPT UNPACKING pc=0x000001df0c833aa2 sp=0x000000af850fee40 mode 2
Event: 4179.096 Thread 0x000001df64798710 Uncommon trap: trap_request=0xffffff45 fr.pc=0x000001df0da509cc relative=0x000000000000018c
Event: 4179.096 Thread 0x000001df64798710 Uncommon trap: reason=unstable_if action=reinterpret pc=0x000001df0da509cc method=java.io.ObjectOutputStream$HandleTable.lookup(Ljava/lang/Object;)I @ 4 c2
Event: 4179.096 Thread 0x000001df64798710 DEOPT PACKING pc=0x000001df0da509cc sp=0x000000af824fea80
Event: 4179.096 Thread 0x000001df64798710 DEOPT UNPACKING pc=0x000001df0c833aa2 sp=0x000000af824fea10 mode 2

Classes loaded (20 events):
Event: 1116.221 Loading class java/nio/file/attribute/PosixFileAttributes
Event: 1116.222 Loading class java/nio/file/attribute/PosixFileAttributes done
Event: 1121.272 Loading class java/util/ArrayDeque$DeqSpliterator
Event: 1121.273 Loading class java/util/ArrayDeque$DeqSpliterator done
Event: 1413.049 Loading class java/util/stream/Nodes$CollectorTask$OfRef
Event: 1413.050 Loading class java/util/stream/Nodes$CollectorTask
Event: 1413.054 Loading class java/util/stream/Nodes$CollectorTask done
Event: 1413.054 Loading class java/util/stream/Nodes$CollectorTask$OfRef done
Event: 1413.054 Loading class java/util/function/LongFunction
Event: 1413.055 Loading class java/util/function/LongFunction done
Event: 1413.056 Loading class java/util/stream/Nodes$ConcNode
Event: 1413.057 Loading class java/util/stream/Nodes$AbstractConcNode
Event: 1413.058 Loading class java/util/stream/Nodes$AbstractConcNode done
Event: 1413.058 Loading class java/util/stream/Nodes$ConcNode done
Event: 1413.096 Loading class java/io/ObjectOutputStream$BlockDataOutputStream
Event: 1413.097 Loading class java/io/ObjectOutputStream$BlockDataOutputStream done
Event: 1413.097 Loading class java/io/ObjectOutputStream$HandleTable
Event: 1413.098 Loading class java/io/ObjectOutputStream$HandleTable done
Event: 1413.098 Loading class java/io/ObjectOutputStream$ReplaceTable
Event: 1413.098 Loading class java/io/ObjectOutputStream$ReplaceTable done

Classes unloaded (11 events):
Event: 32.549 Thread 0x000001df02131ff0 Unloading class 0x000001df1a1ac400 'java/lang/invoke/LambdaForm$MH+0x000001df1a1ac400'
Event: 32.549 Thread 0x000001df02131ff0 Unloading class 0x000001df1a1ac000 'java/lang/invoke/LambdaForm$MH+0x000001df1a1ac000'
Event: 32.549 Thread 0x000001df02131ff0 Unloading class 0x000001df1a1abc00 'java/lang/invoke/LambdaForm$MH+0x000001df1a1abc00'
Event: 32.549 Thread 0x000001df02131ff0 Unloading class 0x000001df1a1ab800 'java/lang/invoke/LambdaForm$MH+0x000001df1a1ab800'
Event: 32.549 Thread 0x000001df02131ff0 Unloading class 0x000001df1a1ab400 'java/lang/invoke/LambdaForm$BMH+0x000001df1a1ab400'
Event: 32.549 Thread 0x000001df02131ff0 Unloading class 0x000001df1a1ab000 'java/lang/invoke/LambdaForm$DMH+0x000001df1a1ab000'
Event: 32.549 Thread 0x000001df02131ff0 Unloading class 0x000001df1a1aa000 'java/lang/invoke/LambdaForm$DMH+0x000001df1a1aa000'
Event: 84.179 Thread 0x000001df02131ff0 Unloading class 0x000001df1a5ed000 'java/lang/invoke/LambdaForm$DMH+0x000001df1a5ed000'
Event: 84.179 Thread 0x000001df02131ff0 Unloading class 0x000001df1a5ed400 'java/lang/invoke/LambdaForm$DMH+0x000001df1a5ed400'
Event: 84.179 Thread 0x000001df02131ff0 Unloading class 0x000001df1a5ec800 'java/lang/invoke/LambdaForm$DMH+0x000001df1a5ec800'
Event: 84.179 Thread 0x000001df02131ff0 Unloading class 0x000001df1a5ecc00 'java/lang/invoke/LambdaForm$DMH+0x000001df1a5ecc00'

Classes redefined (0 events):
No events

Internal exceptions (20 events):
Event: 1115.415 Thread 0x000001df611fbe30 Implicit null exception at 0x000001df0d3bff15 to 0x000001df0d3c0504
Event: 1115.726 Thread 0x000001df611fbe30 Implicit null exception at 0x000001df0d284eaf to 0x000001df0d285c5c
Event: 1129.646 Thread 0x000001df611f96d0 Implicit null exception at 0x000001df0d89d3e3 to 0x000001df0d89e048
Event: 1162.077 Thread 0x000001df611f96d0 Exception <a 'sun/nio/fs/WindowsException'{0x00000000d55e2e70}> (0x00000000d55e2e70) 
thrown [s\src\hotspot\share\prims\jni.cpp, line 520]
Event: 1162.492 Thread 0x000001df611f96d0 Exception <a 'sun/nio/fs/WindowsException'{0x00000000d5592380}> (0x00000000d5592380) 
thrown [s\src\hotspot\share\prims\jni.cpp, line 520]
Event: 1179.498 Thread 0x000001df611f96d0 Exception <a 'sun/nio/fs/WindowsException'{0x00000000d5587d98}> (0x00000000d5587d98) 
thrown [s\src\hotspot\share\prims\jni.cpp, line 520]
Event: 1179.930 Thread 0x000001df611f96d0 Exception <a 'sun/nio/fs/WindowsException'{0x00000000d5683610}> (0x00000000d5683610) 
thrown [s\src\hotspot\share\prims\jni.cpp, line 520]
Event: 1235.856 Thread 0x000001df611f96d0 Exception <a 'sun/nio/fs/WindowsException'{0x00000000d5713548}> (0x00000000d5713548) 
thrown [s\src\hotspot\share\prims\jni.cpp, line 520]
Event: 1236.266 Thread 0x000001df611f96d0 Exception <a 'sun/nio/fs/WindowsException'{0x00000000d567a260}> (0x00000000d567a260) 
thrown [s\src\hotspot\share\prims\jni.cpp, line 520]
Event: 1278.631 Thread 0x000001df611f96d0 Exception <a 'sun/nio/fs/WindowsException'{0x00000000d56ff048}> (0x00000000d56ff048) 
thrown [s\src\hotspot\share\prims\jni.cpp, line 520]
Event: 1279.000 Thread 0x000001df611f96d0 Exception <a 'sun/nio/fs/WindowsException'{0x00000000d5693298}> (0x00000000d5693298) 
thrown [s\src\hotspot\share\prims\jni.cpp, line 520]
Event: 1332.015 Thread 0x000001df611f96d0 Exception <a 'sun/nio/fs/WindowsException'{0x00000000d56d86c0}> (0x00000000d56d86c0) 
thrown [s\src\hotspot\share\prims\jni.cpp, line 520]
Event: 1332.370 Thread 0x000001df611f96d0 Exception <a 'sun/nio/fs/WindowsException'{0x00000000d55b0da8}> (0x00000000d55b0da8) 
thrown [s\src\hotspot\share\prims\jni.cpp, line 520]
Event: 1370.809 Thread 0x000001df611f96d0 Exception <a 'sun/nio/fs/WindowsException'{0x00000000d569a1c0}> (0x00000000d569a1c0) 
thrown [s\src\hotspot\share\prims\jni.cpp, line 520]
Event: 1371.095 Thread 0x000001df611f96d0 Exception <a 'sun/nio/fs/WindowsException'{0x00000000d57c4158}> (0x00000000d57c4158) 
thrown [s\src\hotspot\share\prims\jni.cpp, line 520]
Event: 1413.084 Thread 0x000001df6479a150 Implicit null exception at 0x000001df0d08d286 to 0x000001df0d08d5fc
Event: 1413.143 Thread 0x000001df6479a150 Exception <a 'java/lang/NoSuchMethodError'{0x00000000d55ecc00}: static [J.<clinit>()V> (0x00000000d55ecc00) 
thrown [s\src\hotspot\share\prims\jni.cpp, line 1111]
Event: 1413.162 Thread 0x000001df6479a150 Exception <a 'java/lang/NoSuchMethodError'{0x00000000d562c618}: 'java.lang.Object java.lang.invoke.DirectMethodHandle$Holder.newInvokeSpecial(java.lang.Object, java.lang.Object, java.lang.Object, java.lang.Object, java.lang.Object, java.lang.Object, java.lang.Object, java.lang.Object)'> (0x00000000d562c618) 
thrown [s\src\hotspot\share\interpreter\linkResolver.cpp, line 773]
Event: 3879.088 Thread 0x000001df611f96d0 Exception <a 'sun/nio/fs/WindowsException'{0x00000000d55a28e8}> (0x00000000d55a28e8) 
thrown [s\src\hotspot\share\prims\jni.cpp, line 520]
Event: 3879.466 Thread 0x000001df611f96d0 Exception <a 'sun/nio/fs/WindowsException'{0x00000000d568b348}> (0x00000000d568b348) 
thrown [s\src\hotspot\share\prims\jni.cpp, line 520]

ZGC Phase Switch (0 events):
No events

VM Operations (20 events):
Event: 8737.906 Executing VM operation: ParallelGCFailedAllocation (Allocation Failure)
Event: 8737.911 Executing VM operation: ParallelGCFailedAllocation (Allocation Failure) done
Event: 8779.338 Executing VM operation: HandshakeAllThreads (HandshakeForDeflation)
Event: 8779.338 Executing VM operation: HandshakeAllThreads (HandshakeForDeflation) done
Event: 8779.338 Executing VM operation: RendezvousGCThreads
Event: 8779.338 Executing VM operation: RendezvousGCThreads done
Event: 8814.654 Executing VM operation: ParallelGCFailedAllocation (Allocation Failure)
Event: 8814.658 Executing VM operation: ParallelGCFailedAllocation (Allocation Failure) done
Event: 8839.446 Executing VM operation: HandshakeAllThreads (HandshakeForDeflation)
Event: 8839.446 Executing VM operation: HandshakeAllThreads (HandshakeForDeflation) done
Event: 8839.446 Executing VM operation: RendezvousGCThreads
Event: 8839.446 Executing VM operation: RendezvousGCThreads done
Event: 8899.487 Executing VM operation: HandshakeAllThreads (HandshakeForDeflation)
Event: 8899.493 Executing VM operation: HandshakeAllThreads (HandshakeForDeflation) done
Event: 8899.493 Executing VM operation: RendezvousGCThreads
Event: 8899.493 Executing VM operation: RendezvousGCThreads done
Event: 8959.518 Executing VM operation: HandshakeAllThreads (HandshakeForDeflation)
Event: 8959.520 Executing VM operation: HandshakeAllThreads (HandshakeForDeflation) done
Event: 8959.520 Executing VM operation: RendezvousGCThreads
Event: 8959.520 Executing VM operation: RendezvousGCThreads done

Memory protections (0 events):
No events

Nmethod flushes (20 events):
Event: 1118.789 Thread 0x000001df02131ff0 flushing  nmethod 0x000001df069b8f10
Event: 1118.789 Thread 0x000001df02131ff0 flushing  nmethod 0x000001df069b9e10
Event: 1118.789 Thread 0x000001df02131ff0 flushing  nmethod 0x000001df069bb410
Event: 1118.789 Thread 0x000001df02131ff0 flushing  nmethod 0x000001df069bb910
Event: 1118.789 Thread 0x000001df02131ff0 flushing  nmethod 0x000001df069bcd90
Event: 1118.789 Thread 0x000001df02131ff0 flushing  nmethod 0x000001df069bf590
Event: 1118.789 Thread 0x000001df02131ff0 flushing  nmethod 0x000001df069c9510
Event: 1118.789 Thread 0x000001df02131ff0 flushing  nmethod 0x000001df069da310
Event: 1118.789 Thread 0x000001df02131ff0 flushing  nmethod 0x000001df069f2f90
Event: 1118.789 Thread 0x000001df02131ff0 flushing  nmethod 0x000001df069f5d10
Event: 1118.789 Thread 0x000001df02131ff0 flushing osr nmethod 0x000001df06a07f90
Event: 1118.789 Thread 0x000001df02131ff0 flushing  nmethod 0x000001df06a0d410
Event: 1118.789 Thread 0x000001df02131ff0 flushing  nmethod 0x000001df06a10e90
Event: 1118.789 Thread 0x000001df02131ff0 flushing  nmethod 0x000001df06a12890
Event: 1118.789 Thread 0x000001df02131ff0 flushing  nmethod 0x000001df06a13b10
Event: 1118.789 Thread 0x000001df02131ff0 flushing  nmethod 0x000001df06a24790
Event: 1118.789 Thread 0x000001df02131ff0 flushing  nmethod 0x000001df06a2fa10
Event: 1118.789 Thread 0x000001df02131ff0 flushing  nmethod 0x000001df06a3f790
Event: 1118.789 Thread 0x000001df02131ff0 flushing  nmethod 0x000001df06a72790
Event: 1118.789 Thread 0x000001df02131ff0 flushing  nmethod 0x000001df06aaad90

Events (20 events):
Event: 1413.125 Thread 0x000001df689ecba0 Thread added: 0x000001df689ee010
Event: 1413.306 Thread 0x000001df689ed270 Thread exited: 0x000001df689ed270
Event: 1416.677 Thread 0x000001df689ee010 Thread exited: 0x000001df689ee010
Event: 1421.682 Thread 0x000001df689ecba0 Thread exited: 0x000001df689ecba0
Event: 1426.690 Thread 0x000001df689ed940 Thread exited: 0x000001df689ed940
Event: 1473.308 Thread 0x000001df611fbe30 Thread exited: 0x000001df611fbe30
Event: 3879.469 Thread 0x000001df6479a150 Thread added: 0x000001df64798710
Event: 3880.148 Thread 0x000001df02258090 Thread added: 0x000001df689ee010
Event: 3880.149 Thread 0x000001df02258090 Thread added: 0x000001df689ecba0
Event: 3885.269 Thread 0x000001df689ecba0 Thread exited: 0x000001df689ecba0
Event: 3890.206 Thread 0x000001df689ee010 Thread exited: 0x000001df689ee010
Event: 3991.271 Thread 0x000001df611fa3f0 Thread exited: 0x000001df611fa3f0
Event: 4179.066 Thread 0x000001df64798710 Thread added: 0x000001df6479bb90
Event: 4179.070 Thread 0x000001df6479bb90 Thread exited: 0x000001df6479bb90
Event: 4179.085 Thread 0x000001df64798710 Thread added: 0x000001df64799430
Event: 4179.086 Thread 0x000001df64799430 Thread exited: 0x000001df64799430
Event: 4179.119 Thread 0x000001df0225d010 Thread added: 0x000001df689eedb0
Event: 4179.124 Thread 0x000001df0225d010 Thread added: 0x000001df689ecba0
Event: 4179.268 Thread 0x000001df689ecba0 Thread exited: 0x000001df689ecba0
Event: 4179.268 Thread 0x000001df689eedb0 Thread exited: 0x000001df689eedb0


Dynamic libraries:
0x00007ff7e8a20000 - 0x00007ff7e8a2e000 	c:\Users\Advice\.vscode\extensions\redhat.java-1.45.0-win32-x64\jre\21.0.8-win32-x86_64\bin\java.exe
0x00007ffdcd760000 - 0x00007ffdcd9c9000 	C:\WINDOWS\SYSTEM32\ntdll.dll
0x00007ffdcca30000 - 0x00007ffdccaf9000 	C:\WINDOWS\System32\KERNEL32.DLL
0x00007ffdca8f0000 - 0x00007ffdcace3000 	C:\WINDOWS\System32\KERNELBASE.dll
0x00007ffdcb1f0000 - 0x00007ffdcb33b000 	C:\WINDOWS\System32\ucrtbase.dll
0x00007ffdb4f20000 - 0x00007ffdb4f38000 	c:\Users\Advice\.vscode\extensions\redhat.java-1.45.0-win32-x64\jre\21.0.8-win32-x86_64\bin\jli.dll
0x00007ffdaf890000 - 0x00007ffdaf8ae000 	c:\Users\Advice\.vscode\extensions\redhat.java-1.45.0-win32-x64\jre\21.0.8-win32-x86_64\bin\VCRUNTIME140.dll
0x00007ffdcd070000 - 0x00007ffdcd234000 	C:\WINDOWS\System32\USER32.dll
0x00007ffdcb1c0000 - 0x00007ffdcb1e7000 	C:\WINDOWS\System32\win32u.dll
0x00007ffdb59f0000 - 0x00007ffdb5c83000 	C:\WINDOWS\WinSxS\amd64_microsoft.windows.common-controls_6595b64144ccf1df_6.0.26100.5074_none_3e0d6f78e32fd63f\COMCTL32.dll
0x00007ffdccc70000 - 0x00007ffdccd19000 	C:\WINDOWS\System32\msvcrt.dll
0x00007ffdccf40000 - 0x00007ffdccf6b000 	C:\WINDOWS\System32\GDI32.dll
0x00007ffdcb400000 - 0x00007ffdcb52d000 	C:\WINDOWS\System32\gdi32full.dll
0x00007ffdcacf0000 - 0x00007ffdcad93000 	C:\WINDOWS\System32\msvcp_win.dll
0x00007ffdcc710000 - 0x00007ffdcc73f000 	C:\WINDOWS\System32\IMM32.DLL
0x00007ffdba9f0000 - 0x00007ffdba9fc000 	c:\Users\Advice\.vscode\extensions\redhat.java-1.45.0-win32-x64\jre\21.0.8-win32-x86_64\bin\vcruntime140_1.dll
0x00007ffd71da0000 - 0x00007ffd71e2d000 	c:\Users\Advice\.vscode\extensions\redhat.java-1.45.0-win32-x64\jre\21.0.8-win32-x86_64\bin\msvcp140.dll
0x00007ffd40030000 - 0x00007ffd40dc7000 	c:\Users\Advice\.vscode\extensions\redhat.java-1.45.0-win32-x64\jre\21.0.8-win32-x86_64\bin\server\jvm.dll
0x00007ffdcbc20000 - 0x00007ffdcbcd4000 	C:\WINDOWS\System32\ADVAPI32.dll
0x00007ffdcbaf0000 - 0x00007ffdcbb96000 	C:\WINDOWS\System32\sechost.dll
0x00007ffdcc750000 - 0x00007ffdcc868000 	C:\WINDOWS\System32\RPCRT4.dll
0x00007ffdcbba0000 - 0x00007ffdcbc14000 	C:\WINDOWS\System32\WS2_32.dll
0x00007ffdca750000 - 0x00007ffdca7ae000 	C:\WINDOWS\SYSTEM32\POWRPROF.dll
0x00007ffdc2e00000 - 0x00007ffdc2e0b000 	C:\WINDOWS\SYSTEM32\VERSION.dll
0x00007ffdc2dc0000 - 0x00007ffdc2df5000 	C:\WINDOWS\SYSTEM32\WINMM.dll
0x00007ffdca730000 - 0x00007ffdca744000 	C:\WINDOWS\SYSTEM32\UMPDC.dll
0x00007ffdc96d0000 - 0x00007ffdc96eb000 	C:\WINDOWS\SYSTEM32\kernel.appcore.dll
0x00007ffdba460000 - 0x00007ffdba46a000 	c:\Users\Advice\.vscode\extensions\redhat.java-1.45.0-win32-x64\jre\21.0.8-win32-x86_64\bin\jimage.dll
0x00007ffdc7cc0000 - 0x00007ffdc7f02000 	C:\WINDOWS\SYSTEM32\DBGHELP.DLL
0x00007ffdcd3a0000 - 0x00007ffdcd71b000 	C:\WINDOWS\System32\combase.dll
0x00007ffdcbce0000 - 0x00007ffdcbdb7000 	C:\WINDOWS\System32\OLEAUT32.dll
0x00007ffdafc00000 - 0x00007ffdafc3d000 	C:\WINDOWS\SYSTEM32\dbgcore.DLL
0x00007ffdcada0000 - 0x00007ffdcae39000 	C:\WINDOWS\System32\bcryptPrimitives.dll
0x00007ffdba230000 - 0x00007ffdba23f000 	c:\Users\Advice\.vscode\extensions\redhat.java-1.45.0-win32-x64\jre\21.0.8-win32-x86_64\bin\instrument.dll
0x00007ffdad5b0000 - 0x00007ffdad5cf000 	c:\Users\Advice\.vscode\extensions\redhat.java-1.45.0-win32-x64\jre\21.0.8-win32-x86_64\bin\java.dll
0x00007ffdcbee0000 - 0x00007ffdcc62d000 	C:\WINDOWS\System32\SHELL32.dll
0x00007ffdcae40000 - 0x00007ffdcafac000 	C:\WINDOWS\System32\wintypes.dll
0x00007ffdc8590000 - 0x00007ffdc8de9000 	C:\WINDOWS\SYSTEM32\windows.storage.dll
0x00007ffdccf70000 - 0x00007ffdcd060000 	C:\WINDOWS\System32\SHCORE.dll
0x00007ffdcba80000 - 0x00007ffdcbae2000 	C:\WINDOWS\System32\shlwapi.dll
0x00007ffdca810000 - 0x00007ffdca839000 	C:\WINDOWS\SYSTEM32\profapi.dll
0x00007ffdad380000 - 0x00007ffdad398000 	c:\Users\Advice\.vscode\extensions\redhat.java-1.45.0-win32-x64\jre\21.0.8-win32-x86_64\bin\zip.dll
0x00007ffdba220000 - 0x00007ffdba230000 	C:\Users\Advice\.vscode\extensions\redhat.java-1.45.0-win32-x64\jre\21.0.8-win32-x86_64\bin\net.dll
0x00007ffdbfe10000 - 0x00007ffdbff2f000 	C:\WINDOWS\SYSTEM32\WINHTTP.dll
0x00007ffdc9c50000 - 0x00007ffdc9cbb000 	C:\WINDOWS\system32\mswsock.dll
0x00007ffd99430000 - 0x00007ffd99446000 	C:\Users\Advice\.vscode\extensions\redhat.java-1.45.0-win32-x64\jre\21.0.8-win32-x86_64\bin\nio.dll
0x00007ffdb9bc0000 - 0x00007ffdb9bd0000 	c:\Users\Advice\.vscode\extensions\redhat.java-1.45.0-win32-x64\jre\21.0.8-win32-x86_64\bin\verify.dll
0x00007ffd712b0000 - 0x00007ffd712f4000 	C:\Users\Advice\AppData\Roaming\Code\User\globalStorage\redhat.java\1.45.0\config_win\org.eclipse.equinox.launcher\org.eclipse.equinox.launcher.win32.win32.x86_64_1.2.1400.v20250801-0854\eclipse_11916.dll
0x00007ffdcc890000 - 0x00007ffdcca28000 	C:\WINDOWS\System32\ole32.dll
0x00007ffdc9f00000 - 0x00007ffdc9f1b000 	C:\WINDOWS\SYSTEM32\CRYPTSP.dll
0x00007ffdc9630000 - 0x00007ffdc966b000 	C:\WINDOWS\system32\rsaenh.dll
0x00007ffdc9cf0000 - 0x00007ffdc9d1b000 	C:\WINDOWS\SYSTEM32\USERENV.dll
0x00007ffdca7e0000 - 0x00007ffdca806000 	C:\WINDOWS\SYSTEM32\bcrypt.dll
0x00007ffdc9ef0000 - 0x00007ffdc9efc000 	C:\WINDOWS\SYSTEM32\CRYPTBASE.dll
0x00007ffdc9140000 - 0x00007ffdc9174000 	C:\WINDOWS\SYSTEM32\IPHLPAPI.DLL
0x00007ffdccd50000 - 0x00007ffdccd5a000 	C:\WINDOWS\System32\NSI.dll
0x00007ffd7ebe0000 - 0x00007ffd7ec29000 	C:\Users\Advice\AppData\Local\Temp\jna-1956866328\jna1338181646006798441.dll
0x00007ffdcc630000 - 0x00007ffdcc638000 	C:\WINDOWS\System32\PSAPI.DLL
0x00007ffdbfd80000 - 0x00007ffdbfd9e000 	C:\WINDOWS\SYSTEM32\dhcpcsvc6.DLL
0x00007ffdbfd50000 - 0x00007ffdbfd73000 	C:\WINDOWS\SYSTEM32\dhcpcsvc.DLL

JVMTI agents:
c:\Users\Advice\.vscode\extensions\redhat.java-1.45.0-win32-x64\lombok\lombok-1.18.39-4050.jar path:c:\Users\Advice\.vscode\extensions\redhat.java-1.45.0-win32-x64\jre\21.0.8-win32-x86_64\bin\instrument.dll, loaded, initialized, instrumentlib options:none

dbghelp: loaded successfully - version: 4.0.5 - missing functions: none
symbol engine: initialized successfully - sym options: 0x614 - pdb path: .;c:\Users\Advice\.vscode\extensions\redhat.java-1.45.0-win32-x64\jre\21.0.8-win32-x86_64\bin;C:\WINDOWS\SYSTEM32;C:\WINDOWS\WinSxS\amd64_microsoft.windows.common-controls_6595b64144ccf1df_6.0.26100.5074_none_3e0d6f78e32fd63f;c:\Users\Advice\.vscode\extensions\redhat.java-1.45.0-win32-x64\jre\21.0.8-win32-x86_64\bin\server;C:\Users\Advice\AppData\Roaming\Code\User\globalStorage\redhat.java\1.45.0\config_win\org.eclipse.equinox.launcher\org.eclipse.equinox.launcher.win32.win32.x86_64_1.2.1400.v20250801-0854;C:\Users\Advice\AppData\Local\Temp\jna-1956866328

VM Arguments:
jvm_args: --add-modules=ALL-SYSTEM --add-opens=java.base/java.util=ALL-UNNAMED --add-opens=java.base/java.lang=ALL-UNNAMED --add-opens=java.base/sun.nio.fs=ALL-UNNAMED -Declipse.application=org.eclipse.jdt.ls.core.id1 -Dosgi.bundles.defaultStartLevel=4 -Declipse.product=org.eclipse.jdt.ls.core.product -Djava.import.generatesMetadataFilesAtProjectRoot=false -DDetectVMInstallationsJob.disabled=true -Dfile.encoding=utf8 -XX:+UseParallelGC -XX:GCTimeRatio=4 -XX:AdaptiveSizePolicyWeight=90 -Dsun.zip.disableMemoryMapping=true -Xmx2G -Xms100m -Xlog:disable -javaagent:c:\Users\Advice\.vscode\extensions\redhat.java-1.45.0-win32-x64\lombok\lombok-1.18.39-4050.jar -XX:+HeapDumpOnOutOfMemoryError -XX:HeapDumpPath=c:\Users\Advice\AppData\Roaming\Code\User\workspaceStorage\6a791ee96eb5a9e81bdbff2a84e74791\redhat.java -Daether.dependencyCollector.impl=bf 
java_command: c:\Users\Advice\.vscode\extensions\redhat.java-1.45.0-win32-x64\server\plugins\org.eclipse.equinox.launcher_1.7.0.v20250519-0528.jar -configuration c:\Users\Advice\AppData\Roaming\Code\User\globalStorage\redhat.java\1.45.0\config_win -data c:\Users\Advice\AppData\Roaming\Code\User\workspaceStorage\6a791ee96eb5a9e81bdbff2a84e74791\redhat.java\jdt_ws --pipe=\\.\pipe\lsp-e0f2939fdba1c0a1bd82ee7ab4615b8d-sock
java_class_path (initial): c:\Users\Advice\.vscode\extensions\redhat.java-1.45.0-win32-x64\server\plugins\org.eclipse.equinox.launcher_1.7.0.v20250519-0528.jar
Launcher Type: SUN_STANDARD

[Global flags]
    uintx AdaptiveSizePolicyWeight                 = 90                                        {product} {command line}
     intx CICompilerCount                          = 12                                        {product} {ergonomic}
    uintx GCTimeRatio                              = 4                                         {product} {command line}
     bool HeapDumpOnOutOfMemoryError               = true                                   {manageable} {command line}
    ccstr HeapDumpPath                             = c:\Users\Advice\AppData\Roaming\Code\User\workspaceStorage\6a791ee96eb5a9e81bdbff2a84e74791\redhat.java         {manageable} {command line}
   size_t InitialHeapSize                          = 104857600                                 {product} {command line}
   size_t MaxHeapSize                              = 2147483648                                {product} {command line}
   size_t MaxNewSize                               = 715653120                                 {product} {ergonomic}
   size_t MinHeapDeltaBytes                        = 524288                                    {product} {ergonomic}
   size_t MinHeapSize                              = 104857600                                 {product} {command line}
   size_t NewSize                                  = 34603008                                  {product} {ergonomic}
    uintx NonNMethodCodeHeapSize                   = 7602480                                {pd product} {ergonomic}
    uintx NonProfiledCodeHeapSize                  = 122027880                              {pd product} {ergonomic}
   size_t OldSize                                  = 70254592                                  {product} {ergonomic}
    uintx ProfiledCodeHeapSize                     = 122027880                              {pd product} {ergonomic}
    uintx ReservedCodeCacheSize                    = 251658240                              {pd product} {ergonomic}
     bool SegmentedCodeCache                       = true                                      {product} {ergonomic}
   size_t SoftMaxHeapSize                          = 2147483648                             {manageable} {ergonomic}
     bool UseCompressedOops                        = true                           {product lp64_product} {ergonomic}
     bool UseLargePagesIndividualAllocation        = false                                  {pd product} {ergonomic}
     bool UseParallelGC                            = true                                      {product} {command line}

Logging:
Log output configuration:
 #0: stdout all=off uptime,level,tags foldmultilines=false
 #1: stderr all=off uptime,level,tags foldmultilines=false

Environment Variables:
PATH=C:\Program Files\Common Files\Oracle\Java\javapath;C:\Windows\system32;C:\Windows;C:\Windows\System32\Wbem;C:\Windows\System32\WindowsPowerShell\v1.0\;C:\Windows\System32\OpenSSH\;C:\Program Files (x86)\NVIDIA Corporation\PhysX\Common;C:\Program Files\NVIDIA Corporation\NVIDIA NvDLISR;C:\WINDOWS\system32;C:\WINDOWS;C:\WINDOWS\System32\Wbem;C:\WINDOWS\System32\WindowsPowerShell\v1.0\;C:\WINDOWS\System32\OpenSSH\;C:\Program Files\Git\cmd;C:\Program Files\nodejs\;C:\Program Files (x86)\BaseX\bin;C:\Users\Advice\AppData\Local\Microsoft\WindowsApps;C:\Users\Advice\AppData\Local\Programs\Microsoft VS Code\bin;C:\Program Files\JetBrains\IntelliJ IDEA Community Edition 2024.1.3\bin;;C:\Users\Advice\AppData\Local\GitHubDesktop\bin;C:\Users\Advice\AppData\Roaming\npm;
USERNAME=Advice
OS=Windows_NT
PROCESSOR_IDENTIFIER=AMD64 Family 23 Model 104 Stepping 1, AuthenticAMD
TMP=C:\Users\Advice\AppData\Local\Temp
TEMP=C:\Users\Advice\AppData\Local\Temp




Periodic native trim disabled

---------------  S Y S T E M  ---------------

OS:
 Windows 11 , 64 bit Build 26100 (10.0.26100.5074)
OS uptime: 4 days 1:28 hours

CPU: total 16 (initial active 16) (16 cores per cpu, 2 threads per core) family 23 model 104 stepping 1 microcode 0x8608103, cx8, cmov, fxsr, ht, mmx, 3dnowpref, sse, sse2, sse3, ssse3, sse4a, sse4.1, sse4.2, popcnt, lzcnt, tsc, tscinvbit, avx, avx2, aes, clmul, bmi1, bmi2, adx, sha, fma, vzeroupper, clflush, clflushopt, rdtscp, rdpid, f16c
Processor Information for the first 16 processors :
  Max Mhz: 1801, Current Mhz: 1801, Mhz Limit: 1801

Memory: 4k page, system-wide physical 7514M (720M free)
TotalPageFile size 31066M (AvailPageFile size 6M)
current process WorkingSet (physical memory assigned to process): 10M, peak: 796M
current process commit charge ("private bytes"): 858M, peak: 888M

vm_info: OpenJDK 64-Bit Server VM (21.0.8+9-LTS) for windows-amd64 JRE (21.0.8+9-LTS), built on 2025-07-15T00:00:00Z by "admin" with MS VC++ 17.7 (VS2022)

END.
